[2016-05-30 18:37:11] local.ERROR: exception 'PDOException' with message 'SQLSTATE[HY000] [2002] Connection refused' in /Users/alain/Apps/Cabinet-Schmidt/vendor/laravel/framework/src/Illuminate/Database/Connectors/Connector.php:55
Stack trace:
#0 /Users/alain/Apps/Cabinet-Schmidt/vendor/laravel/framework/src/Illuminate/Database/Connectors/Connector.php(55): PDO->__construct('mysql:host=127....', 'homestead', 'secret', Array)
#1 /Users/alain/Apps/Cabinet-Schmidt/vendor/laravel/framework/src/Illuminate/Database/Connectors/MySqlConnector.php(24): Illuminate\Database\Connectors\Connector->createConnection('mysql:host=127....', Array, Array)
#2 /Users/alain/Apps/Cabinet-Schmidt/bootstrap/cache/compiled.php(11777): Illuminate\Database\Connectors\MySqlConnector->connect(Array)
#3 [internal function]: Illuminate\Database\Connectors\ConnectionFactory->Illuminate\Database\Connectors\{closure}()
#4 /Users/alain/Apps/Cabinet-Schmidt/vendor/laravel/framework/src/Illuminate/Database/Connection.php(875): call_user_func(Object(Closure))
#5 /Users/alain/Apps/Cabinet-Schmidt/vendor/laravel/framework/src/Illuminate/Database/Connection.php(743): Illuminate\Database\Connection->getPdo()
#6 /Users/alain/Apps/Cabinet-Schmidt/vendor/laravel/framework/src/Illuminate/Database/Connection.php(628): Illuminate\Database\Connection->reconnectIfMissingConnection()
#7 /Users/alain/Apps/Cabinet-Schmidt/vendor/laravel/framework/src/Illuminate/Database/Connection.php(409): Illuminate\Database\Connection->run('insert into `ec...', Array, Object(Closure))
#8 /Users/alain/Apps/Cabinet-Schmidt/vendor/laravel/framework/src/Illuminate/Database/Connection.php(365): Illuminate\Database\Connection->statement('insert into `ec...', Array)
#9 /Users/alain/Apps/Cabinet-Schmidt/vendor/laravel/framework/src/Illuminate/Database/Query/Processors/Processor.php(32): Illuminate\Database\Connection->insert('insert into `ec...', Array)
#10 /Users/alain/Apps/Cabinet-Schmidt/vendor/laravel/framework/src/Illuminate/Database/Query/Builder.php(2018): Illuminate\Database\Query\Processors\Processor->processInsertGetId(Object(Illuminate\Database\Query\Builder), 'insert into `ec...', Array, 'id')
#11 [internal function]: Illuminate\Database\Query\Builder->insertGetId(Array, 'id')
#12 /Users/alain/Apps/Cabinet-Schmidt/vendor/laravel/framework/src/Illuminate/Database/Eloquent/Builder.php(1385): call_user_func_array(Array, Array)
#13 /Users/alain/Apps/Cabinet-Schmidt/bootstrap/cache/compiled.php(10802): Illuminate\Database\Eloquent\Builder->__call('insertGetId', Array)
#14 /Users/alain/Apps/Cabinet-Schmidt/bootstrap/cache/compiled.php(10802): Illuminate\Database\Eloquent\Builder->insertGetId(Array, 'id')
#15 /Users/alain/Apps/Cabinet-Schmidt/bootstrap/cache/compiled.php(10791): Illuminate\Database\Eloquent\Model->insertAndSetId(Object(Illuminate\Database\Eloquent\Builder), Array)
#16 /Users/alain/Apps/Cabinet-Schmidt/bootstrap/cache/compiled.php(10742): Illuminate\Database\Eloquent\Model->performInsert(Object(Illuminate\Database\Eloquent\Builder), Array)
#17 /Users/alain/Apps/Cabinet-Schmidt/app/Console/Commands/RefreshFlux.php(127): Illuminate\Database\Eloquent\Model->save()
#18 [internal function]: App\Console\Commands\RefreshFlux->handle()
#19 /Users/alain/Apps/Cabinet-Schmidt/bootstrap/cache/compiled.php(1244): call_user_func_array(Array, Array)
#20 /Users/alain/Apps/Cabinet-Schmidt/vendor/laravel/framework/src/Illuminate/Console/Command.php(169): Illuminate\Container\Container->call(Array)
#21 /Users/alain/Apps/Cabinet-Schmidt/vendor/symfony/console/Command/Command.php(256): Illuminate\Console\Command->execute(Object(Symfony\Component\Console\Input\ArgvInput), Object(Symfony\Component\Console\Output\ConsoleOutput))
#22 /Users/alain/Apps/Cabinet-Schmidt/vendor/laravel/framework/src/Illuminate/Console/Command.php(155): Symfony\Component\Console\Command\Command->run(Object(Symfony\Component\Console\Input\ArgvInput), Object(Symfony\Component\Console\Output\ConsoleOutput))
#23 /Users/alain/Apps/Cabinet-Schmidt/vendor/symfony/console/Application.php(791): Illuminate\Console\Command->run(Object(Symfony\Component\Console\Input\ArgvInput), Object(Symfony\Component\Console\Output\ConsoleOutput))
#24 /Users/alain/Apps/Cabinet-Schmidt/vendor/symfony/console/Application.php(186): Symfony\Component\Console\Application->doRunCommand(Object(App\Console\Commands\RefreshFlux), Object(Symfony\Component\Console\Input\ArgvInput), Object(Symfony\Component\Console\Output\ConsoleOutput))
#25 /Users/alain/Apps/Cabinet-Schmidt/vendor/symfony/console/Application.php(117): Symfony\Component\Console\Application->doRun(Object(Symfony\Component\Console\Input\ArgvInput), Object(Symfony\Component\Console\Output\ConsoleOutput))
#26 /Users/alain/Apps/Cabinet-Schmidt/vendor/laravel/framework/src/Illuminate/Foundation/Console/Kernel.php(107): Symfony\Component\Console\Application->run(Object(Symfony\Component\Console\Input\ArgvInput), Object(Symfony\Component\Console\Output\ConsoleOutput))
#27 /Users/alain/Apps/Cabinet-Schmidt/artisan(36): Illuminate\Foundation\Console\Kernel->handle(Object(Symfony\Component\Console\Input\ArgvInput), Object(Symfony\Component\Console\Output\ConsoleOutput))
#28 {main}  
